<?xml version="1.0" encoding="UTF-8"?>
<testsuite xmlns:xsi="http://www.w3.org/2001/XMLSchema-instance" xsi:noNamespaceSchemaLocation="https://maven.apache.org/surefire/maven-surefire-plugin/xsd/surefire-test-report.xsd" name="com.mashibing.test.TestMain" time="0.003" tests="0" errors="0" skipped="0" failures="0">
  <properties>
    <property name="sun.desktop" value="windows"/>
    <property name="awt.toolkit" value="sun.awt.windows.WToolkit"/>
    <property name="file.encoding.pkg" value="sun.io"/>
    <property name="java.specification.version" value="1.8"/>
    <property name="sun.cpu.isalist" value="amd64"/>
    <property name="sun.jnu.encoding" value="GBK"/>
    <property name="java.class.path" value="G:\Project\online-taxi-public\api-passenger\target\test-classes;G:\Project\online-taxi-public\api-passenger\target\classes;E:\Maven\repository\org\springframework\boot\spring-boot-starter-web\2.4.13\spring-boot-starter-web-2.4.13.jar;E:\Maven\repository\org\springframework\boot\spring-boot-starter\2.4.13\spring-boot-starter-2.4.13.jar;E:\Maven\repository\org\springframework\boot\spring-boot\2.4.13\spring-boot-2.4.13.jar;E:\Maven\repository\org\springframework\boot\spring-boot-autoconfigure\2.4.13\spring-boot-autoconfigure-2.4.13.jar;E:\Maven\repository\org\springframework\boot\spring-boot-starter-logging\2.4.13\spring-boot-starter-logging-2.4.13.jar;E:\Maven\repository\ch\qos\logback\logback-classic\1.2.7\logback-classic-1.2.7.jar;E:\Maven\repository\ch\qos\logback\logback-core\1.2.7\logback-core-1.2.7.jar;E:\Maven\repository\org\apache\logging\log4j\log4j-to-slf4j\2.13.3\log4j-to-slf4j-2.13.3.jar;E:\Maven\repository\org\apache\logging\log4j\log4j-api\2.13.3\log4j-api-2.13.3.jar;E:\Maven\repository\org\slf4j\jul-to-slf4j\1.7.32\jul-to-slf4j-1.7.32.jar;E:\Maven\repository\jakarta\annotation\jakarta.annotation-api\1.3.5\jakarta.annotation-api-1.3.5.jar;E:\Maven\repository\org\springframework\spring-core\5.3.13\spring-core-5.3.13.jar;E:\Maven\repository\org\springframework\spring-jcl\5.3.13\spring-jcl-5.3.13.jar;E:\Maven\repository\org\yaml\snakeyaml\1.27\snakeyaml-1.27.jar;E:\Maven\repository\org\springframework\boot\spring-boot-starter-json\2.4.13\spring-boot-starter-json-2.4.13.jar;E:\Maven\repository\com\fasterxml\jackson\core\jackson-databind\2.11.4\jackson-databind-2.11.4.jar;E:\Maven\repository\com\fasterxml\jackson\core\jackson-annotations\2.11.4\jackson-annotations-2.11.4.jar;E:\Maven\repository\com\fasterxml\jackson\datatype\jackson-datatype-jdk8\2.11.4\jackson-datatype-jdk8-2.11.4.jar;E:\Maven\repository\com\fasterxml\jackson\datatype\jackson-datatype-jsr310\2.11.4\jackson-datatype-jsr310-2.11.4.jar;E:\Maven\repository\com\fasterxml\jackson\module\jackson-module-parameter-names\2.11.4\jackson-module-parameter-names-2.11.4.jar;E:\Maven\repository\org\springframework\boot\spring-boot-starter-tomcat\2.4.13\spring-boot-starter-tomcat-2.4.13.jar;E:\Maven\repository\org\apache\tomcat\embed\tomcat-embed-core\9.0.55\tomcat-embed-core-9.0.55.jar;E:\Maven\repository\org\glassfish\jakarta.el\3.0.4\jakarta.el-3.0.4.jar;E:\Maven\repository\org\apache\tomcat\embed\tomcat-embed-websocket\9.0.55\tomcat-embed-websocket-9.0.55.jar;E:\Maven\repository\org\springframework\spring-web\5.3.13\spring-web-5.3.13.jar;E:\Maven\repository\org\springframework\spring-beans\5.3.13\spring-beans-5.3.13.jar;E:\Maven\repository\org\springframework\spring-webmvc\5.3.13\spring-webmvc-5.3.13.jar;E:\Maven\repository\org\springframework\spring-aop\5.3.13\spring-aop-5.3.13.jar;E:\Maven\repository\org\springframework\spring-context\5.3.13\spring-context-5.3.13.jar;E:\Maven\repository\org\springframework\spring-expression\5.3.13\spring-expression-5.3.13.jar;E:\Maven\repository\com\alibaba\cloud\spring-cloud-starter-alibaba-nacos-discovery\2021.1\spring-cloud-starter-alibaba-nacos-discovery-2021.1.jar;E:\Maven\repository\com\alibaba\cloud\spring-cloud-alibaba-commons\2021.1\spring-cloud-alibaba-commons-2021.1.jar;E:\Maven\repository\com\alibaba\nacos\nacos-client\1.4.1\nacos-client-1.4.1.jar;E:\Maven\repository\com\alibaba\nacos\nacos-common\1.4.1\nacos-common-1.4.1.jar;E:\Maven\repository\commons-io\commons-io\2.2\commons-io-2.2.jar;E:\Maven\repository\org\apache\httpcomponents\httpasyncclient\4.1.4\httpasyncclient-4.1.4.jar;E:\Maven\repository\org\apache\httpcomponents\httpcore\4.4.14\httpcore-4.4.14.jar;E:\Maven\repository\org\apache\httpcomponents\httpcore-nio\4.4.14\httpcore-nio-4.4.14.jar;E:\Maven\repository\org\apache\httpcomponents\httpclient\4.5.13\httpclient-4.5.13.jar;E:\Maven\repository\com\alibaba\nacos\nacos-api\1.4.1\nacos-api-1.4.1.jar;E:\Maven\repository\com\google\guava\guava\24.1.1-jre\guava-24.1.1-jre.jar;E:\Maven\repository\com\google\code\findbugs\jsr305\1.3.9\jsr305-1.3.9.jar;E:\Maven\repository\org\checkerframework\checker-compat-qual\2.0.0\checker-compat-qual-2.0.0.jar;E:\Maven\repository\com\google\errorprone\error_prone_annotations\2.1.3\error_prone_annotations-2.1.3.jar;E:\Maven\repository\com\google\j2objc\j2objc-annotations\1.1\j2objc-annotations-1.1.jar;E:\Maven\repository\org\codehaus\mojo\animal-sniffer-annotations\1.14\animal-sniffer-annotations-1.14.jar;E:\Maven\repository\commons-codec\commons-codec\1.15\commons-codec-1.15.jar;E:\Maven\repository\com\fasterxml\jackson\core\jackson-core\2.11.4\jackson-core-2.11.4.jar;E:\Maven\repository\io\prometheus\simpleclient\0.5.0\simpleclient-0.5.0.jar;E:\Maven\repository\com\alibaba\spring\spring-context-support\1.0.10\spring-context-support-1.0.10.jar;E:\Maven\repository\org\springframework\cloud\spring-cloud-commons\3.0.1\spring-cloud-commons-3.0.1.jar;E:\Maven\repository\org\springframework\security\spring-security-crypto\5.4.9\spring-security-crypto-5.4.9.jar;E:\Maven\repository\org\springframework\cloud\spring-cloud-context\3.0.1\spring-cloud-context-3.0.1.jar;E:\Maven\repository\org\springframework\cloud\spring-cloud-starter-openfeign\3.0.1\spring-cloud-starter-openfeign-3.0.1.jar;E:\Maven\repository\org\springframework\cloud\spring-cloud-starter\3.0.1\spring-cloud-starter-3.0.1.jar;E:\Maven\repository\org\springframework\security\spring-security-rsa\1.0.9.RELEASE\spring-security-rsa-1.0.9.RELEASE.jar;E:\Maven\repository\org\bouncycastle\bcpkix-jdk15on\1.64\bcpkix-jdk15on-1.64.jar;E:\Maven\repository\org\bouncycastle\bcprov-jdk15on\1.64\bcprov-jdk15on-1.64.jar;E:\Maven\repository\org\springframework\cloud\spring-cloud-openfeign-core\3.0.1\spring-cloud-openfeign-core-3.0.1.jar;E:\Maven\repository\org\springframework\boot\spring-boot-starter-aop\2.4.13\spring-boot-starter-aop-2.4.13.jar;E:\Maven\repository\org\aspectj\aspectjweaver\1.9.7\aspectjweaver-1.9.7.jar;E:\Maven\repository\io\github\openfeign\form\feign-form-spring\3.8.0\feign-form-spring-3.8.0.jar;E:\Maven\repository\io\github\openfeign\form\feign-form\3.8.0\feign-form-3.8.0.jar;E:\Maven\repository\commons-fileupload\commons-fileupload\1.4\commons-fileupload-1.4.jar;E:\Maven\repository\io\github\openfeign\feign-core\10.10.1\feign-core-10.10.1.jar;E:\Maven\repository\io\github\openfeign\feign-slf4j\10.10.1\feign-slf4j-10.10.1.jar;E:\Maven\repository\org\slf4j\slf4j-api\1.7.32\slf4j-api-1.7.32.jar;E:\Maven\repository\org\springframework\cloud\spring-cloud-starter-loadbalancer\3.0.1\spring-cloud-starter-loadbalancer-3.0.1.jar;E:\Maven\repository\org\springframework\cloud\spring-cloud-loadbalancer\3.0.1\spring-cloud-loadbalancer-3.0.1.jar;E:\Maven\repository\org\springframework\boot\spring-boot-starter-validation\2.4.13\spring-boot-starter-validation-2.4.13.jar;E:\Maven\repository\org\hibernate\validator\hibernate-validator\6.1.7.Final\hibernate-validator-6.1.7.Final.jar;E:\Maven\repository\jakarta\validation\jakarta.validation-api\2.0.2\jakarta.validation-api-2.0.2.jar;E:\Maven\repository\org\jboss\logging\jboss-logging\3.4.2.Final\jboss-logging-3.4.2.Final.jar;E:\Maven\repository\com\fasterxml\classmate\1.5.1\classmate-1.5.1.jar;E:\Maven\repository\io\projectreactor\reactor-core\3.4.12\reactor-core-3.4.12.jar;E:\Maven\repository\org\reactivestreams\reactive-streams\1.0.3\reactive-streams-1.0.3.jar;E:\Maven\repository\io\projectreactor\addons\reactor-extra\3.4.5\reactor-extra-3.4.5.jar;E:\Maven\repository\org\springframework\boot\spring-boot-starter-cache\2.4.13\spring-boot-starter-cache-2.4.13.jar;E:\Maven\repository\org\springframework\spring-context-support\5.3.13\spring-context-support-5.3.13.jar;E:\Maven\repository\com\stoyanr\evictor\1.0.0\evictor-1.0.0.jar;G:\Project\online-taxi-public\internal-common\target\internal-common-1.0-SNAPSHOT.jar;E:\Maven\repository\org\springframework\boot\spring-boot-starter-data-redis\2.4.13\spring-boot-starter-data-redis-2.4.13.jar;E:\Maven\repository\org\springframework\data\spring-data-redis\2.4.15\spring-data-redis-2.4.15.jar;E:\Maven\repository\org\springframework\data\spring-data-keyvalue\2.4.15\spring-data-keyvalue-2.4.15.jar;E:\Maven\repository\org\springframework\data\spring-data-commons\2.4.15\spring-data-commons-2.4.15.jar;E:\Maven\repository\org\springframework\spring-tx\5.3.13\spring-tx-5.3.13.jar;E:\Maven\repository\org\springframework\spring-oxm\5.3.13\spring-oxm-5.3.13.jar;E:\Maven\repository\io\lettuce\lettuce-core\6.0.8.RELEASE\lettuce-core-6.0.8.RELEASE.jar;E:\Maven\repository\io\netty\netty-common\4.1.70.Final\netty-common-4.1.70.Final.jar;E:\Maven\repository\io\netty\netty-handler\4.1.70.Final\netty-handler-4.1.70.Final.jar;E:\Maven\repository\io\netty\netty-resolver\4.1.70.Final\netty-resolver-4.1.70.Final.jar;E:\Maven\repository\io\netty\netty-buffer\4.1.70.Final\netty-buffer-4.1.70.Final.jar;E:\Maven\repository\io\netty\netty-codec\4.1.70.Final\netty-codec-4.1.70.Final.jar;E:\Maven\repository\io\netty\netty-transport\4.1.70.Final\netty-transport-4.1.70.Final.jar;E:\Maven\repository\net\sf\json-lib\json-lib\2.4\json-lib-2.4-jdk15.jar;E:\Maven\repository\commons-beanutils\commons-beanutils\1.8.0\commons-beanutils-1.8.0.jar;E:\Maven\repository\commons-collections\commons-collections\3.2.1\commons-collections-3.2.1.jar;E:\Maven\repository\commons-lang\commons-lang\2.5\commons-lang-2.5.jar;E:\Maven\repository\commons-logging\commons-logging\1.1.1\commons-logging-1.1.1.jar;E:\Maven\repository\net\sf\ezmorph\ezmorph\1.0.6\ezmorph-1.0.6.jar;E:\Maven\repository\org\projectlombok\lombok\1.18.24\lombok-1.18.24.jar;"/>
    <property name="java.vm.vendor" value="Oracle Corporation"/>
    <property name="sun.arch.data.model" value="64"/>
    <property name="user.variant" value=""/>
    <property name="java.vendor.url" value="http://java.oracle.com/"/>
    <property name="user.timezone" value="Asia/Shanghai"/>
    <property name="java.vm.specification.version" value="1.8"/>
    <property name="os.name" value="Windows 10"/>
    <property name="user.country" value="CN"/>
    <property name="sun.java.launcher" value="SUN_STANDARD"/>
    <property name="sun.boot.library.path" value="C:\Program Files\Java\jdk1.8.0_201\jre\bin"/>
    <property name="sun.java.command" value="C:\Users\xuchuangye\AppData\Local\Temp\surefire8405892042895362364\surefirebooter6958335552451552557.jar C:\Users\xuchuangye\AppData\Local\Temp\surefire8405892042895362364 2022-08-24T18-08-34_818-jvmRun1 surefire4263410677917194060tmp surefire_08079539972289995712tmp"/>
    <property name="surefire.test.class.path" value="G:\Project\online-taxi-public\api-passenger\target\test-classes;G:\Project\online-taxi-public\api-passenger\target\classes;E:\Maven\repository\org\springframework\boot\spring-boot-starter-web\2.4.13\spring-boot-starter-web-2.4.13.jar;E:\Maven\repository\org\springframework\boot\spring-boot-starter\2.4.13\spring-boot-starter-2.4.13.jar;E:\Maven\repository\org\springframework\boot\spring-boot\2.4.13\spring-boot-2.4.13.jar;E:\Maven\repository\org\springframework\boot\spring-boot-autoconfigure\2.4.13\spring-boot-autoconfigure-2.4.13.jar;E:\Maven\repository\org\springframework\boot\spring-boot-starter-logging\2.4.13\spring-boot-starter-logging-2.4.13.jar;E:\Maven\repository\ch\qos\logback\logback-classic\1.2.7\logback-classic-1.2.7.jar;E:\Maven\repository\ch\qos\logback\logback-core\1.2.7\logback-core-1.2.7.jar;E:\Maven\repository\org\apache\logging\log4j\log4j-to-slf4j\2.13.3\log4j-to-slf4j-2.13.3.jar;E:\Maven\repository\org\apache\logging\log4j\log4j-api\2.13.3\log4j-api-2.13.3.jar;E:\Maven\repository\org\slf4j\jul-to-slf4j\1.7.32\jul-to-slf4j-1.7.32.jar;E:\Maven\repository\jakarta\annotation\jakarta.annotation-api\1.3.5\jakarta.annotation-api-1.3.5.jar;E:\Maven\repository\org\springframework\spring-core\5.3.13\spring-core-5.3.13.jar;E:\Maven\repository\org\springframework\spring-jcl\5.3.13\spring-jcl-5.3.13.jar;E:\Maven\repository\org\yaml\snakeyaml\1.27\snakeyaml-1.27.jar;E:\Maven\repository\org\springframework\boot\spring-boot-starter-json\2.4.13\spring-boot-starter-json-2.4.13.jar;E:\Maven\repository\com\fasterxml\jackson\core\jackson-databind\2.11.4\jackson-databind-2.11.4.jar;E:\Maven\repository\com\fasterxml\jackson\core\jackson-annotations\2.11.4\jackson-annotations-2.11.4.jar;E:\Maven\repository\com\fasterxml\jackson\datatype\jackson-datatype-jdk8\2.11.4\jackson-datatype-jdk8-2.11.4.jar;E:\Maven\repository\com\fasterxml\jackson\datatype\jackson-datatype-jsr310\2.11.4\jackson-datatype-jsr310-2.11.4.jar;E:\Maven\repository\com\fasterxml\jackson\module\jackson-module-parameter-names\2.11.4\jackson-module-parameter-names-2.11.4.jar;E:\Maven\repository\org\springframework\boot\spring-boot-starter-tomcat\2.4.13\spring-boot-starter-tomcat-2.4.13.jar;E:\Maven\repository\org\apache\tomcat\embed\tomcat-embed-core\9.0.55\tomcat-embed-core-9.0.55.jar;E:\Maven\repository\org\glassfish\jakarta.el\3.0.4\jakarta.el-3.0.4.jar;E:\Maven\repository\org\apache\tomcat\embed\tomcat-embed-websocket\9.0.55\tomcat-embed-websocket-9.0.55.jar;E:\Maven\repository\org\springframework\spring-web\5.3.13\spring-web-5.3.13.jar;E:\Maven\repository\org\springframework\spring-beans\5.3.13\spring-beans-5.3.13.jar;E:\Maven\repository\org\springframework\spring-webmvc\5.3.13\spring-webmvc-5.3.13.jar;E:\Maven\repository\org\springframework\spring-aop\5.3.13\spring-aop-5.3.13.jar;E:\Maven\repository\org\springframework\spring-context\5.3.13\spring-context-5.3.13.jar;E:\Maven\repository\org\springframework\spring-expression\5.3.13\spring-expression-5.3.13.jar;E:\Maven\repository\com\alibaba\cloud\spring-cloud-starter-alibaba-nacos-discovery\2021.1\spring-cloud-starter-alibaba-nacos-discovery-2021.1.jar;E:\Maven\repository\com\alibaba\cloud\spring-cloud-alibaba-commons\2021.1\spring-cloud-alibaba-commons-2021.1.jar;E:\Maven\repository\com\alibaba\nacos\nacos-client\1.4.1\nacos-client-1.4.1.jar;E:\Maven\repository\com\alibaba\nacos\nacos-common\1.4.1\nacos-common-1.4.1.jar;E:\Maven\repository\commons-io\commons-io\2.2\commons-io-2.2.jar;E:\Maven\repository\org\apache\httpcomponents\httpasyncclient\4.1.4\httpasyncclient-4.1.4.jar;E:\Maven\repository\org\apache\httpcomponents\httpcore\4.4.14\httpcore-4.4.14.jar;E:\Maven\repository\org\apache\httpcomponents\httpcore-nio\4.4.14\httpcore-nio-4.4.14.jar;E:\Maven\repository\org\apache\httpcomponents\httpclient\4.5.13\httpclient-4.5.13.jar;E:\Maven\repository\com\alibaba\nacos\nacos-api\1.4.1\nacos-api-1.4.1.jar;E:\Maven\repository\com\google\guava\guava\24.1.1-jre\guava-24.1.1-jre.jar;E:\Maven\repository\com\google\code\findbugs\jsr305\1.3.9\jsr305-1.3.9.jar;E:\Maven\repository\org\checkerframework\checker-compat-qual\2.0.0\checker-compat-qual-2.0.0.jar;E:\Maven\repository\com\google\errorprone\error_prone_annotations\2.1.3\error_prone_annotations-2.1.3.jar;E:\Maven\repository\com\google\j2objc\j2objc-annotations\1.1\j2objc-annotations-1.1.jar;E:\Maven\repository\org\codehaus\mojo\animal-sniffer-annotations\1.14\animal-sniffer-annotations-1.14.jar;E:\Maven\repository\commons-codec\commons-codec\1.15\commons-codec-1.15.jar;E:\Maven\repository\com\fasterxml\jackson\core\jackson-core\2.11.4\jackson-core-2.11.4.jar;E:\Maven\repository\io\prometheus\simpleclient\0.5.0\simpleclient-0.5.0.jar;E:\Maven\repository\com\alibaba\spring\spring-context-support\1.0.10\spring-context-support-1.0.10.jar;E:\Maven\repository\org\springframework\cloud\spring-cloud-commons\3.0.1\spring-cloud-commons-3.0.1.jar;E:\Maven\repository\org\springframework\security\spring-security-crypto\5.4.9\spring-security-crypto-5.4.9.jar;E:\Maven\repository\org\springframework\cloud\spring-cloud-context\3.0.1\spring-cloud-context-3.0.1.jar;E:\Maven\repository\org\springframework\cloud\spring-cloud-starter-openfeign\3.0.1\spring-cloud-starter-openfeign-3.0.1.jar;E:\Maven\repository\org\springframework\cloud\spring-cloud-starter\3.0.1\spring-cloud-starter-3.0.1.jar;E:\Maven\repository\org\springframework\security\spring-security-rsa\1.0.9.RELEASE\spring-security-rsa-1.0.9.RELEASE.jar;E:\Maven\repository\org\bouncycastle\bcpkix-jdk15on\1.64\bcpkix-jdk15on-1.64.jar;E:\Maven\repository\org\bouncycastle\bcprov-jdk15on\1.64\bcprov-jdk15on-1.64.jar;E:\Maven\repository\org\springframework\cloud\spring-cloud-openfeign-core\3.0.1\spring-cloud-openfeign-core-3.0.1.jar;E:\Maven\repository\org\springframework\boot\spring-boot-starter-aop\2.4.13\spring-boot-starter-aop-2.4.13.jar;E:\Maven\repository\org\aspectj\aspectjweaver\1.9.7\aspectjweaver-1.9.7.jar;E:\Maven\repository\io\github\openfeign\form\feign-form-spring\3.8.0\feign-form-spring-3.8.0.jar;E:\Maven\repository\io\github\openfeign\form\feign-form\3.8.0\feign-form-3.8.0.jar;E:\Maven\repository\commons-fileupload\commons-fileupload\1.4\commons-fileupload-1.4.jar;E:\Maven\repository\io\github\openfeign\feign-core\10.10.1\feign-core-10.10.1.jar;E:\Maven\repository\io\github\openfeign\feign-slf4j\10.10.1\feign-slf4j-10.10.1.jar;E:\Maven\repository\org\slf4j\slf4j-api\1.7.32\slf4j-api-1.7.32.jar;E:\Maven\repository\org\springframework\cloud\spring-cloud-starter-loadbalancer\3.0.1\spring-cloud-starter-loadbalancer-3.0.1.jar;E:\Maven\repository\org\springframework\cloud\spring-cloud-loadbalancer\3.0.1\spring-cloud-loadbalancer-3.0.1.jar;E:\Maven\repository\org\springframework\boot\spring-boot-starter-validation\2.4.13\spring-boot-starter-validation-2.4.13.jar;E:\Maven\repository\org\hibernate\validator\hibernate-validator\6.1.7.Final\hibernate-validator-6.1.7.Final.jar;E:\Maven\repository\jakarta\validation\jakarta.validation-api\2.0.2\jakarta.validation-api-2.0.2.jar;E:\Maven\repository\org\jboss\logging\jboss-logging\3.4.2.Final\jboss-logging-3.4.2.Final.jar;E:\Maven\repository\com\fasterxml\classmate\1.5.1\classmate-1.5.1.jar;E:\Maven\repository\io\projectreactor\reactor-core\3.4.12\reactor-core-3.4.12.jar;E:\Maven\repository\org\reactivestreams\reactive-streams\1.0.3\reactive-streams-1.0.3.jar;E:\Maven\repository\io\projectreactor\addons\reactor-extra\3.4.5\reactor-extra-3.4.5.jar;E:\Maven\repository\org\springframework\boot\spring-boot-starter-cache\2.4.13\spring-boot-starter-cache-2.4.13.jar;E:\Maven\repository\org\springframework\spring-context-support\5.3.13\spring-context-support-5.3.13.jar;E:\Maven\repository\com\stoyanr\evictor\1.0.0\evictor-1.0.0.jar;G:\Project\online-taxi-public\internal-common\target\internal-common-1.0-SNAPSHOT.jar;E:\Maven\repository\org\springframework\boot\spring-boot-starter-data-redis\2.4.13\spring-boot-starter-data-redis-2.4.13.jar;E:\Maven\repository\org\springframework\data\spring-data-redis\2.4.15\spring-data-redis-2.4.15.jar;E:\Maven\repository\org\springframework\data\spring-data-keyvalue\2.4.15\spring-data-keyvalue-2.4.15.jar;E:\Maven\repository\org\springframework\data\spring-data-commons\2.4.15\spring-data-commons-2.4.15.jar;E:\Maven\repository\org\springframework\spring-tx\5.3.13\spring-tx-5.3.13.jar;E:\Maven\repository\org\springframework\spring-oxm\5.3.13\spring-oxm-5.3.13.jar;E:\Maven\repository\io\lettuce\lettuce-core\6.0.8.RELEASE\lettuce-core-6.0.8.RELEASE.jar;E:\Maven\repository\io\netty\netty-common\4.1.70.Final\netty-common-4.1.70.Final.jar;E:\Maven\repository\io\netty\netty-handler\4.1.70.Final\netty-handler-4.1.70.Final.jar;E:\Maven\repository\io\netty\netty-resolver\4.1.70.Final\netty-resolver-4.1.70.Final.jar;E:\Maven\repository\io\netty\netty-buffer\4.1.70.Final\netty-buffer-4.1.70.Final.jar;E:\Maven\repository\io\netty\netty-codec\4.1.70.Final\netty-codec-4.1.70.Final.jar;E:\Maven\repository\io\netty\netty-transport\4.1.70.Final\netty-transport-4.1.70.Final.jar;E:\Maven\repository\net\sf\json-lib\json-lib\2.4\json-lib-2.4-jdk15.jar;E:\Maven\repository\commons-beanutils\commons-beanutils\1.8.0\commons-beanutils-1.8.0.jar;E:\Maven\repository\commons-collections\commons-collections\3.2.1\commons-collections-3.2.1.jar;E:\Maven\repository\commons-lang\commons-lang\2.5\commons-lang-2.5.jar;E:\Maven\repository\commons-logging\commons-logging\1.1.1\commons-logging-1.1.1.jar;E:\Maven\repository\net\sf\ezmorph\ezmorph\1.0.6\ezmorph-1.0.6.jar;E:\Maven\repository\org\projectlombok\lombok\1.18.24\lombok-1.18.24.jar;"/>
    <property name="sun.cpu.endian" value="little"/>
    <property name="user.home" value="C:\Users\xuchuangye"/>
    <property name="user.language" value="zh"/>
    <property name="java.specification.vendor" value="Oracle Corporation"/>
    <property name="java.home" value="C:\Program Files\Java\jdk1.8.0_201\jre"/>
    <property name="basedir" value="G:\Project\online-taxi-public\api-passenger"/>
    <property name="file.separator" value="\"/>
    <property name="line.separator" value="&#10;"/>
    <property name="java.vm.specification.vendor" value="Oracle Corporation"/>
    <property name="java.specification.name" value="Java Platform API Specification"/>
    <property name="java.awt.graphicsenv" value="sun.awt.Win32GraphicsEnvironment"/>
    <property name="surefire.real.class.path" value="C:\Users\xuchuangye\AppData\Local\Temp\surefire8405892042895362364\surefirebooter6958335552451552557.jar"/>
    <property name="sun.boot.class.path" value="C:\Program Files\Java\jdk1.8.0_201\jre\lib\resources.jar;C:\Program Files\Java\jdk1.8.0_201\jre\lib\rt.jar;C:\Program Files\Java\jdk1.8.0_201\jre\lib\sunrsasign.jar;C:\Program Files\Java\jdk1.8.0_201\jre\lib\jsse.jar;C:\Program Files\Java\jdk1.8.0_201\jre\lib\jce.jar;C:\Program Files\Java\jdk1.8.0_201\jre\lib\charsets.jar;C:\Program Files\Java\jdk1.8.0_201\jre\lib\jfr.jar;C:\Program Files\Java\jdk1.8.0_201\jre\classes"/>
    <property name="user.script" value=""/>
    <property name="sun.management.compiler" value="HotSpot 64-Bit Tiered Compilers"/>
    <property name="java.runtime.version" value="1.8.0_201-b09"/>
    <property name="user.name" value="xuchuangye"/>
    <property name="path.separator" value=";"/>
    <property name="os.version" value="10.0"/>
    <property name="java.endorsed.dirs" value="C:\Program Files\Java\jdk1.8.0_201\jre\lib\endorsed"/>
    <property name="java.runtime.name" value="Java(TM) SE Runtime Environment"/>
    <property name="file.encoding" value="GBK"/>
    <property name="java.vm.name" value="Java HotSpot(TM) 64-Bit Server VM"/>
    <property name="localRepository" value="E:\Maven\repository"/>
    <property name="java.vendor.url.bug" value="http://bugreport.sun.com/bugreport/"/>
    <property name="java.io.tmpdir" value="C:\Users\xuchuangye\AppData\Local\Temp\"/>
    <property name="idea.version" value="2020.3.4"/>
    <property name="java.version" value="1.8.0_201"/>
    <property name="user.dir" value="G:\Project\online-taxi-public\api-passenger"/>
    <property name="os.arch" value="amd64"/>
    <property name="java.vm.specification.name" value="Java Virtual Machine Specification"/>
    <property name="java.awt.printerjob" value="sun.awt.windows.WPrinterJob"/>
    <property name="sun.os.patch.level" value=""/>
    <property name="java.library.path" value="C:\Program Files\Java\jdk1.8.0_201\jre\bin;C:\WINDOWS\Sun\Java\bin;C:\WINDOWS\system32;C:\WINDOWS;G:\MySQL\mysql-5.7.24-winx64\bin;E:\Maven\apache-maven-3.6.3\bin;E:\Oracle\product\11.2.0\dbhome_1\bin;C:\Program Files\Java\jdk1.8.0_201\bin;C:\Program Files\Java\jdk1.8.0_201\jre\bin;H:\VS Code\Microsoft VS Code\bin;C:\Program Files\Microsoft VS Code\bin;WIND;WS\system32;C:\WINDOWS;C:\WINDOWS\System32\Wbem;C:\WINDOWS\System32\WindowsPowerShell\v1.0\;E:\Linux\Xshell7\;E:\Linux远程登录管理\Xftp7\;C:\Program Files\dotnet\;C:\Python27;C:\WINDOWS\system32;C:\WINDOWS\System32\OpenSSH\;C:\Program Files\Git\cmd;C:\Users\xuchuangye\AppData\Roaming\npm;C:\Program Files\nodejs\node_modules\npm;C:\Users\xuchuangye\blog\node_modules;C:\Program Files\NVIDIA Corporation\NVIDIA NvDLISR;E:\MinGW\mingw64\bin;C:\Program Files\nodejs\;C:\Program Files (x86)\MySQL\MySQL Utilities 1.5\;C:\Program Files (x86)\MySQL\MySQL Utilities 1.5\Doctrine extensions for PHP\;C:\Program Files (x86)\NVIDIA Corporation\PhysX\Common;C:\WINDOWS\system32;C:\WINDOWS;C:\WINDOWS\System32\Wbem;C:\WINDOWS\System32\WindowsPowerShell\v1.0\;C:\WINDOWS\System32\OpenSSH\;C:\Users\xuchuangye\AppData\Local\Microsoft\WindowsApps;H:\VS Code\Microsoft VS Code\bin;C:\Users\xuchuangye\AppData\Local\BypassRuntm;C:\Program Files\Bandizip\;C:\Users\xuchuangye\AppData\Local\Programs\Microsoft VS Code\bin;C:\Users\xuchuangye\AppData\Local\Microsoft\WindowsApps;C:\Users\xuchuangye\AppData\Local\GitHubDesktop\bin;C:\Users\xuchuangye\AppData\Roaming\npm;;."/>
    <property name="java.vm.info" value="mixed mode"/>
    <property name="java.vendor" value="Oracle Corporation"/>
    <property name="java.vm.version" value="25.201-b09"/>
    <property name="java.ext.dirs" value="C:\Program Files\Java\jdk1.8.0_201\jre\lib\ext;C:\WINDOWS\Sun\Java\lib\ext"/>
    <property name="sun.io.unicode.encoding" value="UnicodeLittle"/>
    <property name="maven.repo.local" value="E:\Maven\repository"/>
    <property name="java.class.version" value="52.0"/>
  </properties>
</testsuite>